# JRE version: OpenJDK Runtime Environment Temurin-21.0.8+9 (21.0.8+9) (build 21.0.8+9-LTS)
# Java VM: OpenJDK 64-Bit Server VM Temurin-21.0.8+9 (21.0.8+9-LTS, mixed mode, sharing, tiered, compressed oops, compressed class ptrs, parallel gc, windows-amd64)
GC Precious Log:
 CardTable entry size: 512
 CPUs: 2 total, 2 available
 Memory: 3901M
 Large Page Support: Disabled
 NUMA Support: Disabled
 Compressed Oops: Enabled (32-bit)
 Alignments: Space 512K, Generation 512K, Heap 2M
 Heap Min Capacity: 100M
 Heap Initial Capacity: 100M
 Heap Max Capacity: 2G
 Pre-touch: Disabled
 Parallel Workers: 2
Heap:
 PSYoungGen      total 3072K, used 1999K [0x00000000d5580000, 0x00000000d5a80000, 0x0000000100000000)
  eden space 2560K, 61% used [0x00000000d5580000,0x00000000d5708cb0,0x00000000d5800000)
  from space 512K, 83% used [0x00000000d5880000,0x00000000d58eb190,0x00000000d5900000)
  to   space 1024K, 0% used [0x00000000d5980000,0x00000000d5980000,0x00000000d5a80000)
 ParOldGen       total 301568K, used 301427K [0x0000000080000000, 0x0000000092680000, 0x00000000d5580000)
  object space 301568K, 99% used [0x0000000080000000,0x000000009265cd18,0x0000000092680000)
 Metaspace       used 62386K, committed 63808K, reserved 1114112K
  class space    used 6738K, committed 7360K, reserved 1048576K
GC Heap History (20 events):
Event: 133.757 GC heap before
{Heap before GC invocations=145 (full 3):
 PSYoungGen      total 2560K, used 2304K [0x00000000d5580000, 0x00000000d5980000, 0x0000000100000000)
  eden space 1536K, 100% used [0x00000000d5580000,0x00000000d5700000,0x00000000d5700000)
  from space 1024K, 75% used [0x00000000d5780000,0x00000000d5840000,0x00000000d5880000)
  to   space 1024K, 0% used [0x00000000d5880000,0x00000000d5880000,0x00000000d5980000)
 ParOldGen       total 288256K, used 288214K [0x0000000080000000, 0x0000000091980000, 0x00000000d5580000)
  object space 288256K, 99% used [0x0000000080000000,0x0000000091975a48,0x0000000091980000)
 Metaspace       used 61868K, committed 63296K, reserved 1114112K
  class space    used 6701K, committed 7296K, reserved 1048576K
}
Event: 133.761 GC heap after
{Heap after GC invocations=145 (full 3):
 PSYoungGen      total 1536K, used 1024K [0x00000000d5580000, 0x00000000d5c80000, 0x0000000100000000)
  eden space 512K, 0% used [0x00000000d5580000,0x00000000d5580000,0x00000000d5600000)
  from space 1024K, 100% used [0x00000000d5880000,0x00000000d5980000,0x00000000d5980000)
  to   space 2560K, 0% used [0x00000000d5600000,0x00000000d5600000,0x00000000d5880000)
 ParOldGen       total 289280K, used 289102K [0x0000000080000000, 0x0000000091a80000, 0x00000000d5580000)
  object space 289280K, 99% used [0x0000000080000000,0x0000000091a53a48,0x0000000091a80000)
 Metaspace       used 61868K, committed 63296K, reserved 1114112K
  class space    used 6701K, committed 7296K, reserved 1048576K
}
Event: 133.763 GC heap before
{Heap before GC invocations=146 (full 3):
 PSYoungGen      total 1536K, used 1536K [0x00000000d5580000, 0x00000000d5c80000, 0x0000000100000000)
  eden space 512K, 100% used [0x00000000d5580000,0x00000000d5600000,0x00000000d5600000)
  from space 1024K, 100% used [0x00000000d5880000,0x00000000d5980000,0x00000000d5980000)
  to   space 2560K, 0% used [0x00000000d5600000,0x00000000d5600000,0x00000000d5880000)
 ParOldGen       total 291328K, used 290972K [0x0000000080000000, 0x0000000091c80000, 0x00000000d5580000)
  object space 291328K, 99% used [0x0000000080000000,0x0000000091c272c8,0x0000000091c80000)
 Metaspace       used 61868K, committed 63296K, reserved 1114112K
  class space    used 6701K, committed 7296K, reserved 1048576K
}
Event: 133.769 GC heap after
{Heap after GC invocations=146 (full 3):
 PSYoungGen      total 1024K, used 384K [0x00000000d5580000, 0x00000000d5900000, 0x0000000100000000)
  eden space 512K, 0% used [0x00000000d5580000,0x00000000d5580000,0x00000000d5600000)
  from space 512K, 75% used [0x00000000d5600000,0x00000000d5660000,0x00000000d5680000)
  to   space 1024K, 0% used [0x00000000d5800000,0x00000000d5800000,0x00000000d5900000)
 ParOldGen       total 292352K, used 292004K [0x0000000080000000, 0x0000000091d80000, 0x00000000d5580000)
  object space 292352K, 99% used [0x0000000080000000,0x0000000091d292c8,0x0000000091d80000)
 Metaspace       used 61868K, committed 63296K, reserved 1114112K
  class space    used 6701K, committed 7296K, reserved 1048576K
}
Event: 133.774 GC heap before
{Heap before GC invocations=147 (full 3):
 PSYoungGen      total 1024K, used 896K [0x00000000d5580000, 0x00000000d5900000, 0x0000000100000000)
  eden space 512K, 100% used [0x00000000d5580000,0x00000000d5600000,0x00000000d5600000)
  from space 512K, 75% used [0x00000000d5600000,0x00000000d5660000,0x00000000d5680000)
  to   space 1024K, 0% used [0x00000000d5800000,0x00000000d5800000,0x00000000d5900000)
 ParOldGen       total 292352K, used 292004K [0x0000000080000000, 0x0000000091d80000, 0x00000000d5580000)
  object space 292352K, 99% used [0x0000000080000000,0x0000000091d292c8,0x0000000091d80000)
 Metaspace       used 61868K, committed 63296K, reserved 1114112K
  class space    used 6701K, committed 7296K, reserved 1048576K
}
Event: 133.777 GC heap after
{Heap after GC invocations=147 (full 3):
 PSYoungGen      total 1536K, used 416K [0x00000000d5580000, 0x00000000d5880000, 0x0000000100000000)
  eden space 1024K, 0% used [0x00000000d5580000,0x00000000d5580000,0x00000000d5680000)
  from space 512K, 81% used [0x00000000d5800000,0x00000000d5868000,0x00000000d5880000)
  to   space 512K, 0% used [0x00000000d5780000,0x00000000d5780000,0x00000000d5800000)
 ParOldGen       total 292864K, used 292380K [0x0000000080000000, 0x0000000091e00000, 0x00000000d5580000)
  object space 292864K, 99% used [0x0000000080000000,0x0000000091d872c8,0x0000000091e00000)
 Metaspace       used 61868K, committed 63296K, reserved 1114112K
  class space    used 6701K, committed 7296K, reserved 1048576K
}
Event: 133.798 GC heap before
{Heap before GC invocations=148 (full 3):
 PSYoungGen      total 1536K, used 1440K [0x00000000d5580000, 0x00000000d5880000, 0x0000000100000000)
  eden space 1024K, 100% used [0x00000000d5580000,0x00000000d5680000,0x00000000d5680000)
  from space 512K, 81% used [0x00000000d5800000,0x00000000d5868000,0x00000000d5880000)
  to   space 512K, 0% used [0x00000000d5780000,0x00000000d5780000,0x00000000d5800000)
 ParOldGen       total 292864K, used 292380K [0x0000000080000000, 0x0000000091e00000, 0x00000000d5580000)
  object space 292864K, 99% used [0x0000000080000000,0x0000000091d872c8,0x0000000091e00000)
 Metaspace       used 61868K, committed 63296K, reserved 1114112K
  class space    used 6701K, committed 7296K, reserved 1048576K
}
Event: 133.802 GC heap after
{Heap after GC invocations=148 (full 3):
 PSYoungGen      total 2048K, used 512K [0x00000000d5580000, 0x00000000d5a00000, 0x0000000100000000)
  eden space 1536K, 0% used [0x00000000d5580000,0x00000000d5580000,0x00000000d5700000)
  from space 512K, 100% used [0x00000000d5780000,0x00000000d5800000,0x00000000d5800000)
  to   space 1536K, 0% used [0x00000000d5880000,0x00000000d5880000,0x00000000d5a00000)
 ParOldGen       total 293376K, used 293077K [0x0000000080000000, 0x0000000091e80000, 0x00000000d5580000)
  object space 293376K, 99% used [0x0000000080000000,0x0000000091e35498,0x0000000091e80000)
 Metaspace       used 61868K, committed 63296K, reserved 1114112K
  class space    used 6701K, committed 7296K, reserved 1048576K
}
Event: 133.832 GC heap before
{Heap before GC invocations=149 (full 3):
 PSYoungGen      total 2048K, used 2047K [0x00000000d5580000, 0x00000000d5a00000, 0x0000000100000000)
  eden space 1536K, 99% used [0x00000000d5580000,0x00000000d56fffc8,0x00000000d5700000)
  from space 512K, 100% used [0x00000000d5780000,0x00000000d5800000,0x00000000d5800000)
  to   space 1536K, 0% used [0x00000000d5880000,0x00000000d5880000,0x00000000d5a00000)
 ParOldGen       total 293376K, used 293077K [0x0000000080000000, 0x0000000091e80000, 0x00000000d5580000)
  object space 293376K, 99% used [0x0000000080000000,0x0000000091e35498,0x0000000091e80000)
 Metaspace       used 61868K, committed 63296K, reserved 1114112K
  class space    used 6701K, committed 7296K, reserved 1048576K
}
Event: 133.836 GC heap after
{Heap after GC invocations=149 (full 3):
 PSYoungGen      total 3072K, used 1152K [0x00000000d5580000, 0x00000000d5a80000, 0x0000000100000000)
  eden space 1536K, 0% used [0x00000000d5580000,0x00000000d5580000,0x00000000d5700000)
  from space 1536K, 75% used [0x00000000d5880000,0x00000000d59a0000,0x00000000d5a00000)
  to   space 1536K, 0% used [0x00000000d5700000,0x00000000d5700000,0x00000000d5880000)
 ParOldGen       total 293888K, used 293581K [0x0000000080000000, 0x0000000091f00000, 0x00000000d5580000)
  object space 293888K, 99% used [0x0000000080000000,0x0000000091eb3498,0x0000000091f00000)
 Metaspace       used 61868K, committed 63296K, reserved 1114112K
  class space    used 6701K, committed 7296K, reserved 1048576K
}
Event: 133.963 GC heap before
{Heap before GC invocations=150 (full 3):
 PSYoungGen      total 3072K, used 2688K [0x00000000d5580000, 0x00000000d5a80000, 0x0000000100000000)
  eden space 1536K, 100% used [0x00000000d5580000,0x00000000d5700000,0x00000000d5700000)
  from space 1536K, 75% used [0x00000000d5880000,0x00000000d59a0000,0x00000000d5a00000)
  to   space 1536K, 0% used [0x00000000d5700000,0x00000000d5700000,0x00000000d5880000)
 ParOldGen       total 293888K, used 293581K [0x0000000080000000, 0x0000000091f00000, 0x00000000d5580000)
  object space 293888K, 99% used [0x0000000080000000,0x0000000091eb3498,0x0000000091f00000)
 Metaspace       used 61869K, committed 63296K, reserved 1114112K
  class space    used 6701K, committed 7296K, reserved 1048576K
}
Event: 133.969 GC heap after
{Heap after GC invocations=150 (full 3):
 PSYoungGen      total 3072K, used 1120K [0x00000000d5580000, 0x00000000d5a80000, 0x0000000100000000)
  eden space 1536K, 0% used [0x00000000d5580000,0x00000000d5580000,0x00000000d5700000)
  from space 1536K, 72% used [0x00000000d5700000,0x00000000d5818000,0x00000000d5880000)
  to   space 1536K, 0% used [0x00000000d5900000,0x00000000d5900000,0x00000000d5a80000)
 ParOldGen       total 294912K, used 294709K [0x0000000080000000, 0x0000000092000000, 0x00000000d5580000)
  object space 294912K, 99% used [0x0000000080000000,0x0000000091fcd498,0x0000000092000000)
 Metaspace       used 61869K, committed 63296K, reserved 1114112K
  class space    used 6701K, committed 7296K, reserved 1048576K
}
Event: 133.975 GC heap before
{Heap before GC invocations=151 (full 3):
 PSYoungGen      total 3072K, used 2655K [0x00000000d5580000, 0x00000000d5a80000, 0x0000000100000000)
  eden space 1536K, 99% used [0x00000000d5580000,0x00000000d56ffff8,0x00000000d5700000)
  from space 1536K, 72% used [0x00000000d5700000,0x00000000d5818000,0x00000000d5880000)
  to   space 1536K, 0% used [0x00000000d5900000,0x00000000d5900000,0x00000000d5a80000)
 ParOldGen       total 294912K, used 294709K [0x0000000080000000, 0x0000000092000000, 0x00000000d5580000)
  object space 294912K, 99% used [0x0000000080000000,0x0000000091fcd498,0x0000000092000000)
 Metaspace       used 61871K, committed 63296K, reserved 1114112K
  class space    used 6702K, committed 7296K, reserved 1048576K
}
Event: 133.980 GC heap after
{Heap after GC invocations=151 (full 3):
 PSYoungGen      total 3584K, used 1152K [0x00000000d5580000, 0x00000000d5a80000, 0x0000000100000000)
  eden space 2048K, 0% used [0x00000000d5580000,0x00000000d5580000,0x00000000d5780000)
  from space 1536K, 75% used [0x00000000d5900000,0x00000000d5a20000,0x00000000d5a80000)
  to   space 1536K, 0% used [0x00000000d5780000,0x00000000d5780000,0x00000000d5900000)
 ParOldGen       total 295936K, used 295829K [0x0000000080000000, 0x0000000092100000, 0x00000000d5580000)
  object space 295936K, 99% used [0x0000000080000000,0x00000000920e5498,0x0000000092100000)
 Metaspace       used 61871K, committed 63296K, reserved 1114112K
  class space    used 6702K, committed 7296K, reserved 1048576K
}
Event: 133.994 GC heap before
{Heap before GC invocations=152 (full 3):
 PSYoungGen      total 3584K, used 3200K [0x00000000d5580000, 0x00000000d5a80000, 0x0000000100000000)
  eden space 2048K, 100% used [0x00000000d5580000,0x00000000d5780000,0x00000000d5780000)
  from space 1536K, 75% used [0x00000000d5900000,0x00000000d5a20000,0x00000000d5a80000)
  to   space 1536K, 0% used [0x00000000d5780000,0x00000000d5780000,0x00000000d5900000)
 ParOldGen       total 295936K, used 295829K [0x0000000080000000, 0x0000000092100000, 0x00000000d5580000)
  object space 295936K, 99% used [0x0000000080000000,0x00000000920e5498,0x0000000092100000)
 Metaspace       used 61883K, committed 63296K, reserved 1114112K
  class space    used 6702K, committed 7296K, reserved 1048576K
}
Event: 134.001 GC heap after
{Heap after GC invocations=152 (full 3):
 PSYoungGen      total 3584K, used 1536K [0x00000000d5580000, 0x00000000d5c00000, 0x0000000100000000)
  eden space 2048K, 0% used [0x00000000d5580000,0x00000000d5580000,0x00000000d5780000)
  from space 1536K, 100% used [0x00000000d5780000,0x00000000d5900000,0x00000000d5900000)
  to   space 2048K, 0% used [0x00000000d5a00000,0x00000000d5a00000,0x00000000d5c00000)
 ParOldGen       total 297472K, used 296973K [0x0000000080000000, 0x0000000092280000, 0x00000000d5580000)
  object space 297472K, 99% used [0x0000000080000000,0x0000000092203498,0x0000000092280000)
 Metaspace       used 61883K, committed 63296K, reserved 1114112K
  class space    used 6702K, committed 7296K, reserved 1048576K
}
Event: 134.040 GC heap before
{Heap before GC invocations=153 (full 3):
 PSYoungGen      total 3584K, used 3581K [0x00000000d5580000, 0x00000000d5c00000, 0x0000000100000000)
  eden space 2048K, 99% used [0x00000000d5580000,0x00000000d577f418,0x00000000d5780000)
  from space 1536K, 100% used [0x00000000d5780000,0x00000000d5900000,0x00000000d5900000)
  to   space 2048K, 0% used [0x00000000d5a00000,0x00000000d5a00000,0x00000000d5c00000)
 ParOldGen       total 299520K, used 298843K [0x0000000080000000, 0x0000000092480000, 0x00000000d5580000)
  object space 299520K, 99% used [0x0000000080000000,0x00000000923d6d18,0x0000000092480000)
 Metaspace       used 61925K, committed 63360K, reserved 1114112K
  class space    used 6702K, committed 7296K, reserved 1048576K
}
Event: 134.046 GC heap after
{Heap after GC invocations=153 (full 3):
 PSYoungGen      total 4096K, used 1216K [0x00000000d5580000, 0x00000000d5b80000, 0x0000000100000000)
  eden space 2560K, 0% used [0x00000000d5580000,0x00000000d5580000,0x00000000d5800000)
  from space 1536K, 79% used [0x00000000d5a00000,0x00000000d5b30000,0x00000000d5b80000)
  to   space 1536K, 0% used [0x00000000d5880000,0x00000000d5880000,0x00000000d5a00000)
 ParOldGen       total 300544K, used 300363K [0x0000000080000000, 0x0000000092580000, 0x00000000d5580000)
  object space 300544K, 99% used [0x0000000080000000,0x0000000092552d18,0x0000000092580000)
 Metaspace       used 61925K, committed 63360K, reserved 1114112K
  class space    used 6702K, committed 7296K, reserved 1048576K
}
Event: 163.438 GC heap before
{Heap before GC invocations=154 (full 3):
 PSYoungGen      total 4096K, used 3761K [0x00000000d5580000, 0x00000000d5b80000, 0x0000000100000000)
  eden space 2560K, 99% used [0x00000000d5580000,0x00000000d57fc550,0x00000000d5800000)
  from space 1536K, 79% used [0x00000000d5a00000,0x00000000d5b30000,0x00000000d5b80000)
  to   space 1536K, 0% used [0x00000000d5880000,0x00000000d5880000,0x00000000d5a00000)
 ParOldGen       total 300544K, used 300363K [0x0000000080000000, 0x0000000092580000, 0x00000000d5580000)
  object space 300544K, 99% used [0x0000000080000000,0x0000000092552d18,0x0000000092580000)
 Metaspace       used 62193K, committed 63680K, reserved 1114112K
  class space    used 6722K, committed 7360K, reserved 1048576K
}
Event: 163.693 GC heap after
{Heap after GC invocations=154 (full 3):
 PSYoungGen      total 3072K, used 428K [0x00000000d5580000, 0x00000000d5a80000, 0x0000000100000000)
  eden space 2560K, 0% used [0x00000000d5580000,0x00000000d5580000,0x00000000d5800000)
  from space 512K, 83% used [0x00000000d5880000,0x00000000d58eb190,0x00000000d5900000)
  to   space 1024K, 0% used [0x00000000d5980000,0x00000000d5980000,0x00000000d5a80000)
 ParOldGen       total 301568K, used 301427K [0x0000000080000000, 0x0000000092680000, 0x00000000d5580000)
  object space 301568K, 99% used [0x0000000080000000,0x000000009265cd18,0x0000000092680000)
 Metaspace       used 62193K, committed 63680K, reserved 1114112K
  class space    used 6722K, committed 7360K, reserved 1048576K
}

